<?xml version="1.0" encoding="UTF-8"?>
<coverage generated="1686680917812" clover="3.2.0">
  <project timestamp="1686680917812" name="All files">
    <metrics statements="179" coveredstatements="179" conditionals="49" coveredconditionals="47" methods="12" coveredmethods="10" elements="240" coveredelements="236" complexity="0" loc="179" ncloc="179" packages="2" files="2" classes="2"/>
    <package name="src">
      <metrics statements="36" coveredstatements="36" conditionals="3" coveredconditionals="3" methods="3" coveredmethods="3"/>
      <file name="App.tsx" path="C:\Users\Jakub Królicki\Documents\frontend\react-typescript-workshop\src\App.tsx">
        <metrics statements="36" coveredstatements="36" conditionals="3" coveredconditionals="3" methods="3" coveredmethods="3"/>
        <line num="1" count="1" type="stmt"/>
        <line num="2" count="1" type="stmt"/>
        <line num="3" count="1" type="stmt"/>
        <line num="4" count="1" type="stmt"/>
        <line num="5" count="1" type="stmt"/>
        <line num="6" count="1" type="stmt"/>
        <line num="7" count="1" type="stmt"/>
        <line num="8" count="1" type="stmt"/>
        <line num="9" count="1" type="stmt"/>
        <line num="10" count="1" type="stmt"/>
        <line num="11" count="1" type="stmt"/>
        <line num="12" count="1" type="stmt"/>
        <line num="13" count="22" type="cond" truecount="1" falsecount="0"/>
        <line num="14" count="22" type="stmt"/>
        <line num="15" count="22" type="stmt"/>
        <line num="16" count="22" type="stmt"/>
        <line num="17" count="22" type="stmt"/>
        <line num="18" count="22" type="stmt"/>
        <line num="19" count="22" type="stmt"/>
        <line num="20" count="22" type="stmt"/>
        <line num="21" count="22" type="stmt"/>
        <line num="22" count="22" type="stmt"/>
        <line num="23" count="22" type="cond" truecount="1" falsecount="0"/>
        <line num="24" count="22" type="stmt"/>
        <line num="25" count="22" type="stmt"/>
        <line num="26" count="22" type="stmt"/>
        <line num="27" count="22" type="stmt"/>
        <line num="28" count="22" type="stmt"/>
        <line num="29" count="22" type="cond" truecount="1" falsecount="0"/>
        <line num="30" count="22" type="stmt"/>
        <line num="31" count="22" type="stmt"/>
        <line num="32" count="22" type="stmt"/>
        <line num="33" count="22" type="stmt"/>
        <line num="34" count="22" type="stmt"/>
        <line num="35" count="1" type="stmt"/>
        <line num="36" count="1" type="stmt"/>
      </file>
    </package>
    <package name="src.components.Select">
      <metrics statements="143" coveredstatements="143" conditionals="46" coveredconditionals="44" methods="9" coveredmethods="7"/>
      <file name="Select.tsx" path="C:\Users\Jakub Królicki\Documents\frontend\react-typescript-workshop\src\components\Select\Select.tsx">
        <metrics statements="143" coveredstatements="143" conditionals="46" coveredconditionals="44" methods="9" coveredmethods="7"/>
        <line num="1" count="1" type="stmt"/>
        <line num="2" count="1" type="stmt"/>
        <line num="3" count="1" type="stmt"/>
        <line num="4" count="1" type="stmt"/>
        <line num="5" count="1" type="stmt"/>
        <line num="6" count="1" type="stmt"/>
        <line num="7" count="1" type="stmt"/>
        <line num="8" count="1" type="stmt"/>
        <line num="9" count="1" type="stmt"/>
        <line num="10" count="1" type="stmt"/>
        <line num="11" count="1" type="stmt"/>
        <line num="12" count="1" type="stmt"/>
        <line num="13" count="1" type="stmt"/>
        <line num="14" count="1" type="stmt"/>
        <line num="15" count="1" type="stmt"/>
        <line num="16" count="1" type="stmt"/>
        <line num="17" count="1" type="stmt"/>
        <line num="18" count="1" type="stmt"/>
        <line num="19" count="1" type="stmt"/>
        <line num="20" count="1" type="stmt"/>
        <line num="21" count="1" type="stmt"/>
        <line num="22" count="1" type="stmt"/>
        <line num="23" count="1" type="stmt"/>
        <line num="24" count="1" type="stmt"/>
        <line num="25" count="1" type="cond" truecount="1" falsecount="0"/>
        <line num="26" count="68" type="stmt"/>
        <line num="27" count="68" type="stmt"/>
        <line num="28" count="68" type="stmt"/>
        <line num="29" count="68" type="stmt"/>
        <line num="30" count="68" type="stmt"/>
        <line num="31" count="68" type="cond" truecount="1" falsecount="0"/>
        <line num="32" count="13" type="cond" truecount="1" falsecount="0"/>
        <line num="33" count="12" type="cond" truecount="1" falsecount="0"/>
        <line num="34" count="7" type="cond" truecount="1" falsecount="0"/>
        <line num="35" count="7" type="cond" truecount="1" falsecount="0"/>
        <line num="36" count="5" type="stmt"/>
        <line num="37" count="5" type="stmt"/>
        <line num="38" count="5" type="stmt"/>
        <line num="39" count="12" type="cond" truecount="1" falsecount="0"/>
        <line num="40" count="1" type="stmt"/>
        <line num="41" count="1" type="stmt"/>
        <line num="42" count="1" type="stmt"/>
        <line num="43" count="13" type="stmt"/>
        <line num="44" count="68" type="stmt"/>
        <line num="45" count="68" type="cond" truecount="1" falsecount="0"/>
        <line num="46" count="21" type="stmt"/>
        <line num="47" count="68" type="stmt"/>
        <line num="48" count="68" type="stmt"/>
        <line num="49" count="68" type="cond" truecount="1" falsecount="0"/>
        <line num="50" count="22" type="cond" truecount="1" falsecount="0"/>
        <line num="51" count="7" type="cond" truecount="0" falsecount="1"/>
        <line num="52" count="7" type="stmt"/>
        <line num="53" count="7" type="cond" truecount="1" falsecount="0"/>
        <line num="54" count="7" type="cond" truecount="1" falsecount="0"/>
        <line num="55" count="2" type="cond" truecount="1" falsecount="0"/>
        <line num="56" count="2" type="stmt"/>
        <line num="57" count="2" type="stmt"/>
        <line num="58" count="7" type="cond" truecount="1" falsecount="0"/>
        <line num="59" count="7" type="cond" truecount="1" falsecount="0"/>
        <line num="60" count="4" type="cond" truecount="1" falsecount="0"/>
        <line num="61" count="3" type="stmt"/>
        <line num="62" count="3" type="stmt"/>
        <line num="63" count="3" type="cond" truecount="1" falsecount="0"/>
        <line num="64" count="4" type="cond" truecount="0" falsecount="1"/>
        <line num="65" count="4" type="cond" truecount="2" falsecount="0"/>
        <line num="66" count="1" type="stmt"/>
        <line num="67" count="1" type="stmt"/>
        <line num="68" count="1" type="stmt"/>
        <line num="69" count="7" type="cond" truecount="1" falsecount="0"/>
        <line num="70" count="1" type="stmt"/>
        <line num="71" count="1" type="stmt"/>
        <line num="72" count="7" type="stmt"/>
        <line num="73" count="7" type="stmt"/>
        <line num="74" count="22" type="stmt"/>
        <line num="75" count="22" type="stmt"/>
        <line num="76" count="22" type="cond" truecount="1" falsecount="0"/>
        <line num="77" count="22" type="cond" truecount="1" falsecount="0"/>
        <line num="78" count="22" type="stmt"/>
        <line num="79" count="68" type="stmt"/>
        <line num="80" count="68" type="stmt"/>
        <line num="81" count="68" type="stmt"/>
        <line num="82" count="68" type="stmt"/>
        <line num="83" count="68" type="stmt"/>
        <line num="84" count="68" type="cond" truecount="2" falsecount="0"/>
        <line num="85" count="68" type="stmt"/>
        <line num="86" count="68" type="stmt"/>
        <line num="87" count="68" type="stmt"/>
        <line num="88" count="68" type="cond" truecount="2" falsecount="0"/>
        <line num="89" count="68" type="stmt"/>
        <line num="90" count="68" type="cond" truecount="2" falsecount="0"/>
        <line num="91" count="41" type="stmt"/>
        <line num="92" count="41" type="stmt"/>
        <line num="93" count="41" type="stmt"/>
        <line num="94" count="41" type="cond" truecount="1" falsecount="0"/>
        <line num="95" count="1" type="stmt"/>
        <line num="96" count="1" type="stmt"/>
        <line num="97" count="1" type="stmt"/>
        <line num="98" count="41" type="stmt"/>
        <line num="99" count="41" type="stmt"/>
        <line num="100" count="41" type="stmt"/>
        <line num="101" count="41" type="stmt"/>
        <line num="102" count="41" type="stmt"/>
        <line num="103" count="41" type="stmt"/>
        <line num="104" count="40" type="cond" truecount="1" falsecount="0"/>
        <line num="105" count="68" type="cond" truecount="1" falsecount="0"/>
        <line num="106" count="68" type="stmt"/>
        <line num="107" count="68" type="stmt"/>
        <line num="108" count="68" type="cond" truecount="1" falsecount="0"/>
        <line num="109" count="2" type="stmt"/>
        <line num="110" count="2" type="cond" truecount="2" falsecount="0"/>
        <line num="111" count="2" type="stmt"/>
        <line num="112" count="68" type="stmt"/>
        <line num="113" count="68" type="stmt"/>
        <line num="114" count="68" type="stmt"/>
        <line num="115" count="68" type="stmt"/>
        <line num="116" count="68" type="stmt"/>
        <line num="117" count="68" type="stmt"/>
        <line num="118" count="68" type="cond" truecount="2" falsecount="0"/>
        <line num="119" count="68" type="cond" truecount="1" falsecount="0"/>
        <line num="120" count="340" type="stmt"/>
        <line num="121" count="340" type="stmt"/>
        <line num="122" count="340" type="stmt"/>
        <line num="123" count="340" type="stmt"/>
        <line num="124" count="340" type="cond" truecount="2" falsecount="0"/>
        <line num="125" count="340" type="cond" truecount="4" falsecount="0"/>
        <line num="126" count="340" type="stmt"/>
        <line num="127" count="340" type="stmt"/>
        <line num="128" count="340" type="cond" truecount="1" falsecount="0"/>
        <line num="129" count="10" type="stmt"/>
        <line num="130" count="10" type="stmt"/>
        <line num="131" count="10" type="stmt"/>
        <line num="132" count="10" type="stmt"/>
        <line num="133" count="340" type="stmt"/>
        <line num="134" count="340" type="stmt"/>
        <line num="135" count="340" type="stmt"/>
        <line num="136" count="340" type="stmt"/>
        <line num="137" count="340" type="stmt"/>
        <line num="138" count="340" type="stmt"/>
        <line num="139" count="68" type="stmt"/>
        <line num="140" count="68" type="stmt"/>
        <line num="141" count="68" type="stmt"/>
        <line num="142" count="68" type="stmt"/>
        <line num="143" count="68" type="stmt"/>
      </file>
    </package>
  </project>
</coverage>
