<?xml version="1.0" encoding="UTF-8"?>
<coverage generated="1686936740475" clover="3.2.0">
  <project timestamp="1686936740476" name="All files">
    <metrics statements="220" coveredstatements="220" conditionals="55" coveredconditionals="53" methods="13" coveredmethods="11" elements="288" coveredelements="284" complexity="0" loc="220" ncloc="220" packages="3" files="3" classes="3"/>
    <package name="src">
      <metrics statements="38" coveredstatements="38" conditionals="3" coveredconditionals="3" methods="3" coveredmethods="3"/>
      <file name="App.tsx" path="C:\Users\Jakub Królicki\Documents\frontend\react-typescript-workshop\src\App.tsx">
        <metrics statements="38" coveredstatements="38" conditionals="3" coveredconditionals="3" methods="3" coveredmethods="3"/>
        <line num="1" count="1" type="stmt"/>
        <line num="2" count="1" type="stmt"/>
        <line num="3" count="1" type="stmt"/>
        <line num="4" count="1" type="stmt"/>
        <line num="5" count="1" type="stmt"/>
        <line num="6" count="1" type="stmt"/>
        <line num="7" count="1" type="stmt"/>
        <line num="8" count="1" type="stmt"/>
        <line num="9" count="1" type="stmt"/>
        <line num="10" count="1" type="stmt"/>
        <line num="11" count="1" type="stmt"/>
        <line num="12" count="1" type="stmt"/>
        <line num="13" count="1" type="stmt"/>
        <line num="14" count="22" type="cond" truecount="1" falsecount="0"/>
        <line num="15" count="22" type="stmt"/>
        <line num="16" count="22" type="stmt"/>
        <line num="17" count="22" type="stmt"/>
        <line num="18" count="22" type="stmt"/>
        <line num="19" count="22" type="stmt"/>
        <line num="20" count="22" type="stmt"/>
        <line num="21" count="22" type="stmt"/>
        <line num="22" count="22" type="stmt"/>
        <line num="23" count="22" type="stmt"/>
        <line num="24" count="22" type="cond" truecount="1" falsecount="0"/>
        <line num="25" count="22" type="stmt"/>
        <line num="26" count="22" type="stmt"/>
        <line num="27" count="22" type="stmt"/>
        <line num="28" count="22" type="stmt"/>
        <line num="29" count="22" type="stmt"/>
        <line num="30" count="22" type="cond" truecount="1" falsecount="0"/>
        <line num="31" count="22" type="stmt"/>
        <line num="32" count="22" type="stmt"/>
        <line num="33" count="22" type="stmt"/>
        <line num="34" count="22" type="stmt"/>
        <line num="35" count="22" type="stmt"/>
        <line num="36" count="22" type="stmt"/>
        <line num="37" count="1" type="stmt"/>
        <line num="38" count="1" type="stmt"/>
      </file>
    </package>
    <package name="src.components.FetchData">
      <metrics statements="39" coveredstatements="39" conditionals="6" coveredconditionals="6" methods="1" coveredmethods="1"/>
      <file name="FetchData.tsx" path="C:\Users\Jakub Królicki\Documents\frontend\react-typescript-workshop\src\components\FetchData\FetchData.tsx">
        <metrics statements="39" coveredstatements="39" conditionals="6" coveredconditionals="6" methods="1" coveredmethods="1"/>
        <line num="1" count="1" type="stmt"/>
        <line num="2" count="1" type="stmt"/>
        <line num="3" count="1" type="stmt"/>
        <line num="4" count="1" type="stmt"/>
        <line num="5" count="1" type="stmt"/>
        <line num="6" count="1" type="stmt"/>
        <line num="7" count="1" type="stmt"/>
        <line num="8" count="1" type="stmt"/>
        <line num="9" count="1" type="stmt"/>
        <line num="10" count="1" type="stmt"/>
        <line num="11" count="1" type="stmt"/>
        <line num="12" count="1" type="stmt"/>
        <line num="13" count="1" type="cond" truecount="1" falsecount="0"/>
        <line num="14" count="24" type="stmt"/>
        <line num="15" count="24" type="stmt"/>
        <line num="16" count="24" type="cond" truecount="1" falsecount="0"/>
        <line num="17" count="8" type="stmt"/>
        <line num="18" count="8" type="stmt"/>
        <line num="19" count="8" type="stmt"/>
        <line num="20" count="8" type="cond" truecount="1" falsecount="0"/>
        <line num="21" count="1" type="stmt"/>
        <line num="22" count="8" type="stmt"/>
        <line num="23" count="8" type="cond" truecount="1" falsecount="0"/>
        <line num="24" count="1" type="stmt"/>
        <line num="25" count="1" type="stmt"/>
        <line num="26" count="8" type="stmt"/>
        <line num="27" count="8" type="stmt"/>
        <line num="28" count="8" type="cond" truecount="1" falsecount="0"/>
        <line num="29" count="8" type="stmt"/>
        <line num="30" count="8" type="stmt"/>
        <line num="31" count="24" type="stmt"/>
        <line num="32" count="24" type="stmt"/>
        <line num="33" count="24" type="stmt"/>
        <line num="34" count="24" type="stmt"/>
        <line num="35" count="24" type="stmt"/>
        <line num="36" count="24" type="cond" truecount="1" falsecount="0"/>
        <line num="37" count="24" type="stmt"/>
        <line num="38" count="24" type="stmt"/>
        <line num="39" count="24" type="stmt"/>
      </file>
    </package>
    <package name="src.components.Select">
      <metrics statements="143" coveredstatements="143" conditionals="46" coveredconditionals="44" methods="9" coveredmethods="7"/>
      <file name="Select.tsx" path="C:\Users\Jakub Królicki\Documents\frontend\react-typescript-workshop\src\components\Select\Select.tsx">
        <metrics statements="143" coveredstatements="143" conditionals="46" coveredconditionals="44" methods="9" coveredmethods="7"/>
        <line num="1" count="1" type="stmt"/>
        <line num="2" count="1" type="stmt"/>
        <line num="3" count="1" type="stmt"/>
        <line num="4" count="1" type="stmt"/>
        <line num="5" count="1" type="stmt"/>
        <line num="6" count="1" type="stmt"/>
        <line num="7" count="1" type="stmt"/>
        <line num="8" count="1" type="stmt"/>
        <line num="9" count="1" type="stmt"/>
        <line num="10" count="1" type="stmt"/>
        <line num="11" count="1" type="stmt"/>
        <line num="12" count="1" type="stmt"/>
        <line num="13" count="1" type="stmt"/>
        <line num="14" count="1" type="stmt"/>
        <line num="15" count="1" type="stmt"/>
        <line num="16" count="1" type="stmt"/>
        <line num="17" count="1" type="stmt"/>
        <line num="18" count="1" type="stmt"/>
        <line num="19" count="1" type="stmt"/>
        <line num="20" count="1" type="stmt"/>
        <line num="21" count="1" type="stmt"/>
        <line num="22" count="1" type="stmt"/>
        <line num="23" count="1" type="stmt"/>
        <line num="24" count="1" type="stmt"/>
        <line num="25" count="1" type="cond" truecount="1" falsecount="0"/>
        <line num="26" count="71" type="stmt"/>
        <line num="27" count="71" type="stmt"/>
        <line num="28" count="71" type="stmt"/>
        <line num="29" count="71" type="stmt"/>
        <line num="30" count="71" type="stmt"/>
        <line num="31" count="71" type="cond" truecount="1" falsecount="0"/>
        <line num="32" count="14" type="cond" truecount="1" falsecount="0"/>
        <line num="33" count="12" type="cond" truecount="1" falsecount="0"/>
        <line num="34" count="7" type="cond" truecount="1" falsecount="0"/>
        <line num="35" count="7" type="cond" truecount="1" falsecount="0"/>
        <line num="36" count="5" type="stmt"/>
        <line num="37" count="5" type="stmt"/>
        <line num="38" count="5" type="stmt"/>
        <line num="39" count="12" type="cond" truecount="1" falsecount="0"/>
        <line num="40" count="2" type="stmt"/>
        <line num="41" count="2" type="stmt"/>
        <line num="42" count="2" type="stmt"/>
        <line num="43" count="14" type="stmt"/>
        <line num="44" count="71" type="stmt"/>
        <line num="45" count="71" type="cond" truecount="1" falsecount="0"/>
        <line num="46" count="24" type="stmt"/>
        <line num="47" count="71" type="stmt"/>
        <line num="48" count="71" type="stmt"/>
        <line num="49" count="71" type="cond" truecount="1" falsecount="0"/>
        <line num="50" count="25" type="cond" truecount="1" falsecount="0"/>
        <line num="51" count="7" type="cond" truecount="0" falsecount="1"/>
        <line num="52" count="7" type="stmt"/>
        <line num="53" count="7" type="cond" truecount="1" falsecount="0"/>
        <line num="54" count="7" type="cond" truecount="1" falsecount="0"/>
        <line num="55" count="2" type="cond" truecount="1" falsecount="0"/>
        <line num="56" count="2" type="stmt"/>
        <line num="57" count="2" type="stmt"/>
        <line num="58" count="7" type="cond" truecount="1" falsecount="0"/>
        <line num="59" count="7" type="cond" truecount="1" falsecount="0"/>
        <line num="60" count="4" type="cond" truecount="1" falsecount="0"/>
        <line num="61" count="3" type="stmt"/>
        <line num="62" count="3" type="stmt"/>
        <line num="63" count="3" type="cond" truecount="1" falsecount="0"/>
        <line num="64" count="4" type="cond" truecount="0" falsecount="1"/>
        <line num="65" count="4" type="cond" truecount="2" falsecount="0"/>
        <line num="66" count="1" type="stmt"/>
        <line num="67" count="1" type="stmt"/>
        <line num="68" count="1" type="stmt"/>
        <line num="69" count="7" type="cond" truecount="1" falsecount="0"/>
        <line num="70" count="1" type="stmt"/>
        <line num="71" count="1" type="stmt"/>
        <line num="72" count="7" type="stmt"/>
        <line num="73" count="7" type="stmt"/>
        <line num="74" count="25" type="stmt"/>
        <line num="75" count="25" type="stmt"/>
        <line num="76" count="25" type="cond" truecount="1" falsecount="0"/>
        <line num="77" count="25" type="cond" truecount="1" falsecount="0"/>
        <line num="78" count="25" type="stmt"/>
        <line num="79" count="71" type="stmt"/>
        <line num="80" count="71" type="stmt"/>
        <line num="81" count="71" type="stmt"/>
        <line num="82" count="71" type="stmt"/>
        <line num="83" count="71" type="stmt"/>
        <line num="84" count="71" type="cond" truecount="2" falsecount="0"/>
        <line num="85" count="71" type="stmt"/>
        <line num="86" count="71" type="stmt"/>
        <line num="87" count="71" type="stmt"/>
        <line num="88" count="71" type="cond" truecount="2" falsecount="0"/>
        <line num="89" count="71" type="stmt"/>
        <line num="90" count="71" type="cond" truecount="2" falsecount="0"/>
        <line num="91" count="43" type="stmt"/>
        <line num="92" count="43" type="stmt"/>
        <line num="93" count="43" type="stmt"/>
        <line num="94" count="43" type="cond" truecount="1" falsecount="0"/>
        <line num="95" count="1" type="stmt"/>
        <line num="96" count="1" type="stmt"/>
        <line num="97" count="1" type="stmt"/>
        <line num="98" count="43" type="stmt"/>
        <line num="99" count="43" type="stmt"/>
        <line num="100" count="43" type="stmt"/>
        <line num="101" count="43" type="stmt"/>
        <line num="102" count="43" type="stmt"/>
        <line num="103" count="43" type="stmt"/>
        <line num="104" count="41" type="cond" truecount="1" falsecount="0"/>
        <line num="105" count="71" type="cond" truecount="1" falsecount="0"/>
        <line num="106" count="71" type="stmt"/>
        <line num="107" count="71" type="stmt"/>
        <line num="108" count="71" type="cond" truecount="1" falsecount="0"/>
        <line num="109" count="2" type="stmt"/>
        <line num="110" count="2" type="cond" truecount="2" falsecount="0"/>
        <line num="111" count="2" type="stmt"/>
        <line num="112" count="71" type="stmt"/>
        <line num="113" count="71" type="stmt"/>
        <line num="114" count="71" type="stmt"/>
        <line num="115" count="71" type="stmt"/>
        <line num="116" count="71" type="stmt"/>
        <line num="117" count="71" type="stmt"/>
        <line num="118" count="71" type="cond" truecount="2" falsecount="0"/>
        <line num="119" count="71" type="cond" truecount="1" falsecount="0"/>
        <line num="120" count="346" type="stmt"/>
        <line num="121" count="346" type="stmt"/>
        <line num="122" count="346" type="stmt"/>
        <line num="123" count="346" type="stmt"/>
        <line num="124" count="346" type="cond" truecount="2" falsecount="0"/>
        <line num="125" count="346" type="cond" truecount="4" falsecount="0"/>
        <line num="126" count="346" type="stmt"/>
        <line num="127" count="346" type="stmt"/>
        <line num="128" count="346" type="cond" truecount="1" falsecount="0"/>
        <line num="129" count="11" type="stmt"/>
        <line num="130" count="11" type="stmt"/>
        <line num="131" count="11" type="stmt"/>
        <line num="132" count="11" type="stmt"/>
        <line num="133" count="346" type="stmt"/>
        <line num="134" count="346" type="stmt"/>
        <line num="135" count="346" type="stmt"/>
        <line num="136" count="346" type="stmt"/>
        <line num="137" count="346" type="stmt"/>
        <line num="138" count="346" type="stmt"/>
        <line num="139" count="71" type="stmt"/>
        <line num="140" count="71" type="stmt"/>
        <line num="141" count="71" type="stmt"/>
        <line num="142" count="71" type="stmt"/>
        <line num="143" count="71" type="stmt"/>
      </file>
    </package>
  </project>
</coverage>
