{"C:\\Users\\Jakub Królicki\\Documents\\frontend\\react-typescript-workshop\\src\\App.tsx": {"path":"C:\\Users\\Jakub Królicki\\Documents\\frontend\\react-typescript-workshop\\src\\App.tsx","all":false,"statementMap":{"0":{"start":{"line":1,"column":0},"end":{"line":1,"column":32}},"1":{"start":{"line":2,"column":0},"end":{"line":2,"column":18}},"2":{"start":{"line":3,"column":0},"end":{"line":3,"column":65}},"3":{"start":{"line":4,"column":0},"end":{"line":4,"column":0}},"4":{"start":{"line":5,"column":0},"end":{"line":5,"column":17}},"5":{"start":{"line":6,"column":0},"end":{"line":6,"column":29}},"6":{"start":{"line":7,"column":0},"end":{"line":7,"column":29}},"7":{"start":{"line":8,"column":0},"end":{"line":8,"column":31}},"8":{"start":{"line":9,"column":0},"end":{"line":9,"column":30}},"9":{"start":{"line":10,"column":0},"end":{"line":10,"column":29}},"10":{"start":{"line":11,"column":0},"end":{"line":11,"column":1}},"11":{"start":{"line":12,"column":0},"end":{"line":12,"column":0}},"12":{"start":{"line":13,"column":0},"end":{"line":13,"column":16}},"13":{"start":{"line":14,"column":0},"end":{"line":14,"column":74}},"14":{"start":{"line":15,"column":0},"end":{"line":15,"column":84}},"15":{"start":{"line":16,"column":0},"end":{"line":16,"column":0}},"16":{"start":{"line":17,"column":0},"end":{"line":17,"column":10}},"17":{"start":{"line":18,"column":0},"end":{"line":18,"column":25}},"18":{"start":{"line":19,"column":0},"end":{"line":19,"column":13}},"19":{"start":{"line":20,"column":0},"end":{"line":20,"column":16}},"20":{"start":{"line":21,"column":0},"end":{"line":21,"column":25}},"21":{"start":{"line":22,"column":0},"end":{"line":22,"column":30}},"22":{"start":{"line":23,"column":0},"end":{"line":23,"column":44}},"23":{"start":{"line":24,"column":0},"end":{"line":24,"column":36}},"24":{"start":{"line":25,"column":0},"end":{"line":25,"column":8}},"25":{"start":{"line":26,"column":0},"end":{"line":26,"column":13}},"26":{"start":{"line":27,"column":0},"end":{"line":27,"column":25}},"27":{"start":{"line":28,"column":0},"end":{"line":28,"column":21}},"28":{"start":{"line":29,"column":0},"end":{"line":29,"column":35}},"29":{"start":{"line":30,"column":0},"end":{"line":30,"column":34}},"30":{"start":{"line":31,"column":0},"end":{"line":31,"column":8}},"31":{"start":{"line":32,"column":0},"end":{"line":32,"column":10}},"32":{"start":{"line":33,"column":0},"end":{"line":33,"column":3}},"33":{"start":{"line":34,"column":0},"end":{"line":34,"column":1}},"34":{"start":{"line":35,"column":0},"end":{"line":35,"column":0}},"35":{"start":{"line":36,"column":0},"end":{"line":36,"column":18}}},"s":{"0":1,"1":1,"2":1,"3":1,"4":1,"5":1,"6":1,"7":1,"8":1,"9":1,"10":1,"11":1,"12":22,"13":22,"14":22,"15":22,"16":22,"17":22,"18":22,"19":22,"20":22,"21":22,"22":22,"23":22,"24":22,"25":22,"26":22,"27":22,"28":22,"29":22,"30":22,"31":22,"32":22,"33":22,"34":1,"35":1},"branchMap":{"0":{"type":"branch","line":13,"loc":{"start":{"line":13,"column":0},"end":{"line":34,"column":1}},"locations":[{"start":{"line":13,"column":0},"end":{"line":34,"column":1}}]},"1":{"type":"branch","line":23,"loc":{"start":{"line":23,"column":18},"end":{"line":23,"column":44}},"locations":[{"start":{"line":23,"column":18},"end":{"line":23,"column":44}}]},"2":{"type":"branch","line":29,"loc":{"start":{"line":29,"column":18},"end":{"line":29,"column":35}},"locations":[{"start":{"line":29,"column":18},"end":{"line":29,"column":35}}]}},"b":{"0":[22],"1":[13],"2":[2]},"fnMap":{"0":{"name":"App","decl":{"start":{"line":13,"column":0},"end":{"line":34,"column":1}},"loc":{"start":{"line":13,"column":0},"end":{"line":34,"column":1}},"line":13},"1":{"name":"onChange","decl":{"start":{"line":23,"column":18},"end":{"line":23,"column":44}},"loc":{"start":{"line":23,"column":18},"end":{"line":23,"column":44}},"line":23},"2":{"name":"onChange","decl":{"start":{"line":29,"column":18},"end":{"line":29,"column":35}},"loc":{"start":{"line":29,"column":18},"end":{"line":29,"column":35}},"line":29}},"f":{"0":22,"1":13,"2":2}}
,"C:\\Users\\Jakub Królicki\\Documents\\frontend\\react-typescript-workshop\\src\\components\\Select\\Select.tsx": {"path":"C:\\Users\\Jakub Królicki\\Documents\\frontend\\react-typescript-workshop\\src\\components\\Select\\Select.tsx","all":false,"statementMap":{"0":{"start":{"line":1,"column":0},"end":{"line":1,"column":51}},"1":{"start":{"line":2,"column":0},"end":{"line":2,"column":39}},"2":{"start":{"line":3,"column":0},"end":{"line":3,"column":0}},"3":{"start":{"line":4,"column":0},"end":{"line":4,"column":28}},"4":{"start":{"line":5,"column":0},"end":{"line":5,"column":17}},"5":{"start":{"line":6,"column":0},"end":{"line":6,"column":17}},"6":{"start":{"line":7,"column":0},"end":{"line":7,"column":1}},"7":{"start":{"line":8,"column":0},"end":{"line":8,"column":0}},"8":{"start":{"line":9,"column":0},"end":{"line":9,"column":26}},"9":{"start":{"line":10,"column":0},"end":{"line":10,"column":20}},"10":{"start":{"line":11,"column":0},"end":{"line":11,"column":24}},"11":{"start":{"line":12,"column":0},"end":{"line":12,"column":55}},"12":{"start":{"line":13,"column":0},"end":{"line":13,"column":1}},"13":{"start":{"line":14,"column":0},"end":{"line":14,"column":0}},"14":{"start":{"line":15,"column":0},"end":{"line":15,"column":28}},"15":{"start":{"line":16,"column":0},"end":{"line":16,"column":18}},"16":{"start":{"line":17,"column":0},"end":{"line":17,"column":25}},"17":{"start":{"line":18,"column":0},"end":{"line":18,"column":45}},"18":{"start":{"line":19,"column":0},"end":{"line":19,"column":1}},"19":{"start":{"line":20,"column":0},"end":{"line":20,"column":0}},"20":{"start":{"line":21,"column":0},"end":{"line":21,"column":20}},"21":{"start":{"line":22,"column":0},"end":{"line":22,"column":27}},"22":{"start":{"line":23,"column":0},"end":{"line":23,"column":45}},"23":{"start":{"line":24,"column":0},"end":{"line":24,"column":0}},"24":{"start":{"line":25,"column":0},"end":{"line":25,"column":77}},"25":{"start":{"line":26,"column":0},"end":{"line":26,"column":47}},"26":{"start":{"line":27,"column":0},"end":{"line":27,"column":63}},"27":{"start":{"line":28,"column":0},"end":{"line":28,"column":0}},"28":{"start":{"line":29,"column":0},"end":{"line":29,"column":51}},"29":{"start":{"line":30,"column":0},"end":{"line":30,"column":0}},"30":{"start":{"line":31,"column":0},"end":{"line":31,"column":49}},"31":{"start":{"line":32,"column":0},"end":{"line":32,"column":23}},"32":{"start":{"line":33,"column":0},"end":{"line":33,"column":41}},"33":{"start":{"line":34,"column":0},"end":{"line":34,"column":57}},"34":{"start":{"line":35,"column":0},"end":{"line":35,"column":13}},"35":{"start":{"line":36,"column":0},"end":{"line":36,"column":18}},"36":{"start":{"line":37,"column":0},"end":{"line":37,"column":44}},"37":{"start":{"line":38,"column":0},"end":{"line":38,"column":13}},"38":{"start":{"line":39,"column":0},"end":{"line":39,"column":9}},"39":{"start":{"line":40,"column":0},"end":{"line":40,"column":14}},"40":{"start":{"line":41,"column":0},"end":{"line":41,"column":50}},"41":{"start":{"line":42,"column":0},"end":{"line":42,"column":9}},"42":{"start":{"line":43,"column":0},"end":{"line":43,"column":5}},"43":{"start":{"line":44,"column":0},"end":{"line":44,"column":0}},"44":{"start":{"line":45,"column":0},"end":{"line":45,"column":19}},"45":{"start":{"line":46,"column":0},"end":{"line":46,"column":30}},"46":{"start":{"line":47,"column":0},"end":{"line":47,"column":15}},"47":{"start":{"line":48,"column":0},"end":{"line":48,"column":0}},"48":{"start":{"line":49,"column":0},"end":{"line":49,"column":19}},"49":{"start":{"line":50,"column":0},"end":{"line":50,"column":47}},"50":{"start":{"line":51,"column":0},"end":{"line":51,"column":54}},"51":{"start":{"line":52,"column":0},"end":{"line":52,"column":27}},"52":{"start":{"line":53,"column":0},"end":{"line":53,"column":29}},"53":{"start":{"line":54,"column":0},"end":{"line":54,"column":29}},"54":{"start":{"line":55,"column":0},"end":{"line":55,"column":44}},"55":{"start":{"line":56,"column":0},"end":{"line":56,"column":70}},"56":{"start":{"line":57,"column":0},"end":{"line":57,"column":25}},"57":{"start":{"line":58,"column":0},"end":{"line":58,"column":31}},"58":{"start":{"line":59,"column":0},"end":{"line":59,"column":33}},"59":{"start":{"line":60,"column":0},"end":{"line":60,"column":32}},"60":{"start":{"line":61,"column":0},"end":{"line":61,"column":39}},"61":{"start":{"line":62,"column":0},"end":{"line":62,"column":29}},"62":{"start":{"line":63,"column":0},"end":{"line":63,"column":21}},"63":{"start":{"line":64,"column":0},"end":{"line":64,"column":89}},"64":{"start":{"line":65,"column":0},"end":{"line":65,"column":67}},"65":{"start":{"line":66,"column":0},"end":{"line":66,"column":53}},"66":{"start":{"line":67,"column":0},"end":{"line":67,"column":21}},"67":{"start":{"line":68,"column":0},"end":{"line":68,"column":25}},"68":{"start":{"line":69,"column":0},"end":{"line":69,"column":30}},"69":{"start":{"line":70,"column":0},"end":{"line":70,"column":36}},"70":{"start":{"line":71,"column":0},"end":{"line":71,"column":25}},"71":{"start":{"line":72,"column":0},"end":{"line":72,"column":13}},"72":{"start":{"line":73,"column":0},"end":{"line":73,"column":9}},"73":{"start":{"line":74,"column":0},"end":{"line":74,"column":64}},"74":{"start":{"line":75,"column":0},"end":{"line":75,"column":0}},"75":{"start":{"line":76,"column":0},"end":{"line":76,"column":22}},"76":{"start":{"line":77,"column":0},"end":{"line":77,"column":71}},"77":{"start":{"line":78,"column":0},"end":{"line":78,"column":9}},"78":{"start":{"line":79,"column":0},"end":{"line":79,"column":42}},"79":{"start":{"line":80,"column":0},"end":{"line":80,"column":0}},"80":{"start":{"line":81,"column":0},"end":{"line":81,"column":12}},"81":{"start":{"line":82,"column":0},"end":{"line":82,"column":12}},"82":{"start":{"line":83,"column":0},"end":{"line":83,"column":37}},"83":{"start":{"line":84,"column":0},"end":{"line":84,"column":52}},"84":{"start":{"line":85,"column":0},"end":{"line":85,"column":43}},"85":{"start":{"line":86,"column":0},"end":{"line":86,"column":24}},"86":{"start":{"line":87,"column":0},"end":{"line":87,"column":28}},"87":{"start":{"line":88,"column":0},"end":{"line":88,"column":75}},"88":{"start":{"line":89,"column":0},"end":{"line":89,"column":9}},"89":{"start":{"line":90,"column":0},"end":{"line":90,"column":86}},"90":{"start":{"line":91,"column":0},"end":{"line":91,"column":23}},"91":{"start":{"line":92,"column":0},"end":{"line":92,"column":27}},"92":{"start":{"line":93,"column":0},"end":{"line":93,"column":39}},"93":{"start":{"line":94,"column":0},"end":{"line":94,"column":39}},"94":{"start":{"line":95,"column":0},"end":{"line":95,"column":47}},"95":{"start":{"line":96,"column":0},"end":{"line":96,"column":45}},"96":{"start":{"line":97,"column":0},"end":{"line":97,"column":26}},"97":{"start":{"line":98,"column":0},"end":{"line":98,"column":58}},"98":{"start":{"line":99,"column":0},"end":{"line":99,"column":21}},"99":{"start":{"line":100,"column":0},"end":{"line":100,"column":35}},"100":{"start":{"line":101,"column":0},"end":{"line":101,"column":78}},"101":{"start":{"line":102,"column":0},"end":{"line":102,"column":29}},"102":{"start":{"line":103,"column":0},"end":{"line":103,"column":17}},"103":{"start":{"line":104,"column":0},"end":{"line":104,"column":15}},"104":{"start":{"line":105,"column":0},"end":{"line":105,"column":34}},"105":{"start":{"line":106,"column":0},"end":{"line":106,"column":19}},"106":{"start":{"line":107,"column":0},"end":{"line":107,"column":49}},"107":{"start":{"line":108,"column":0},"end":{"line":108,"column":33}},"108":{"start":{"line":109,"column":0},"end":{"line":109,"column":39}},"109":{"start":{"line":110,"column":0},"end":{"line":110,"column":65}},"110":{"start":{"line":111,"column":0},"end":{"line":111,"column":18}},"111":{"start":{"line":112,"column":0},"end":{"line":112,"column":41}},"112":{"start":{"line":113,"column":0},"end":{"line":113,"column":13}},"113":{"start":{"line":114,"column":0},"end":{"line":114,"column":23}},"114":{"start":{"line":115,"column":0},"end":{"line":115,"column":21}},"115":{"start":{"line":116,"column":0},"end":{"line":116,"column":46}},"116":{"start":{"line":117,"column":0},"end":{"line":117,"column":49}},"117":{"start":{"line":118,"column":0},"end":{"line":118,"column":114}},"118":{"start":{"line":119,"column":0},"end":{"line":119,"column":49}},"119":{"start":{"line":120,"column":0},"end":{"line":120,"column":28}},"120":{"start":{"line":121,"column":0},"end":{"line":121,"column":27}},"121":{"start":{"line":122,"column":0},"end":{"line":122,"column":40}},"122":{"start":{"line":123,"column":0},"end":{"line":123,"column":51}},"123":{"start":{"line":124,"column":0},"end":{"line":124,"column":91}},"124":{"start":{"line":125,"column":0},"end":{"line":125,"column":115}},"125":{"start":{"line":126,"column":0},"end":{"line":126,"column":34}},"126":{"start":{"line":127,"column":0},"end":{"line":127,"column":46}},"127":{"start":{"line":128,"column":0},"end":{"line":128,"column":45}},"128":{"start":{"line":129,"column":0},"end":{"line":129,"column":51}},"129":{"start":{"line":130,"column":0},"end":{"line":130,"column":52}},"130":{"start":{"line":131,"column":0},"end":{"line":131,"column":48}},"131":{"start":{"line":132,"column":0},"end":{"line":132,"column":30}},"132":{"start":{"line":133,"column":0},"end":{"line":133,"column":75}},"133":{"start":{"line":134,"column":0},"end":{"line":134,"column":51}},"134":{"start":{"line":135,"column":0},"end":{"line":135,"column":25}},"135":{"start":{"line":136,"column":0},"end":{"line":136,"column":42}},"136":{"start":{"line":137,"column":0},"end":{"line":137,"column":29}},"137":{"start":{"line":138,"column":0},"end":{"line":138,"column":21}},"138":{"start":{"line":139,"column":0},"end":{"line":139,"column":19}},"139":{"start":{"line":140,"column":0},"end":{"line":140,"column":17}},"140":{"start":{"line":141,"column":0},"end":{"line":141,"column":14}},"141":{"start":{"line":142,"column":0},"end":{"line":142,"column":5}},"142":{"start":{"line":143,"column":0},"end":{"line":143,"column":1}}},"s":{"0":1,"1":1,"2":1,"3":1,"4":1,"5":1,"6":1,"7":1,"8":1,"9":1,"10":1,"11":1,"12":1,"13":1,"14":1,"15":1,"16":1,"17":1,"18":1,"19":1,"20":1,"21":1,"22":1,"23":1,"24":1,"25":68,"26":68,"27":68,"28":68,"29":68,"30":68,"31":13,"32":12,"33":7,"34":7,"35":5,"36":5,"37":5,"38":12,"39":1,"40":1,"41":1,"42":13,"43":68,"44":68,"45":21,"46":68,"47":68,"48":68,"49":22,"50":7,"51":7,"52":7,"53":7,"54":2,"55":2,"56":2,"57":7,"58":7,"59":4,"60":3,"61":3,"62":3,"63":4,"64":4,"65":1,"66":1,"67":1,"68":7,"69":1,"70":1,"71":7,"72":7,"73":22,"74":22,"75":22,"76":22,"77":22,"78":68,"79":68,"80":68,"81":68,"82":68,"83":68,"84":68,"85":68,"86":68,"87":68,"88":68,"89":68,"90":41,"91":41,"92":41,"93":41,"94":1,"95":1,"96":1,"97":41,"98":41,"99":41,"100":41,"101":41,"102":41,"103":40,"104":68,"105":68,"106":68,"107":68,"108":2,"109":2,"110":2,"111":68,"112":68,"113":68,"114":68,"115":68,"116":68,"117":68,"118":68,"119":340,"120":340,"121":340,"122":340,"123":340,"124":340,"125":340,"126":340,"127":340,"128":10,"129":10,"130":10,"131":10,"132":340,"133":340,"134":340,"135":340,"136":340,"137":340,"138":68,"139":68,"140":68,"141":68,"142":68},"branchMap":{"0":{"type":"branch","line":25,"loc":{"start":{"line":25,"column":7},"end":{"line":143,"column":1}},"locations":[{"start":{"line":25,"column":7},"end":{"line":143,"column":1}}]},"1":{"type":"branch","line":88,"loc":{"start":{"line":88,"column":28},"end":{"line":88,"column":58}},"locations":[{"start":{"line":88,"column":28},"end":{"line":88,"column":58}}]},"2":{"type":"branch","line":88,"loc":{"start":{"line":88,"column":39},"end":{"line":88,"column":75}},"locations":[{"start":{"line":88,"column":39},"end":{"line":88,"column":75}}]},"3":{"type":"branch","line":90,"loc":{"start":{"line":90,"column":57},"end":{"line":104,"column":15}},"locations":[{"start":{"line":90,"column":57},"end":{"line":104,"column":15}}]},"4":{"type":"branch","line":104,"loc":{"start":{"line":104,"column":13},"end":{"line":105,"column":27}},"locations":[{"start":{"line":104,"column":13},"end":{"line":105,"column":27}}]},"5":{"type":"branch","line":105,"loc":{"start":{"line":105,"column":14},"end":{"line":105,"column":27}},"locations":[{"start":{"line":105,"column":14},"end":{"line":105,"column":27}}]},"6":{"type":"branch","line":118,"loc":{"start":{"line":118,"column":55},"end":{"line":118,"column":77}},"locations":[{"start":{"line":118,"column":55},"end":{"line":118,"column":77}}]},"7":{"type":"branch","line":118,"loc":{"start":{"line":118,"column":70},"end":{"line":118,"column":83}},"locations":[{"start":{"line":118,"column":70},"end":{"line":118,"column":83}}]},"8":{"type":"branch","line":31,"loc":{"start":{"line":31,"column":4},"end":{"line":43,"column":5}},"locations":[{"start":{"line":31,"column":4},"end":{"line":43,"column":5}}]},"9":{"type":"branch","line":32,"loc":{"start":{"line":32,"column":22},"end":{"line":39,"column":9}},"locations":[{"start":{"line":32,"column":22},"end":{"line":39,"column":9}}]},"10":{"type":"branch","line":33,"loc":{"start":{"line":33,"column":40},"end":{"line":35,"column":13}},"locations":[{"start":{"line":33,"column":40},"end":{"line":35,"column":13}}]},"11":{"type":"branch","line":35,"loc":{"start":{"line":35,"column":12},"end":{"line":38,"column":13}},"locations":[{"start":{"line":35,"column":12},"end":{"line":38,"column":13}}]},"12":{"type":"branch","line":39,"loc":{"start":{"line":39,"column":8},"end":{"line":42,"column":9}},"locations":[{"start":{"line":39,"column":8},"end":{"line":42,"column":9}}]},"13":{"type":"branch","line":34,"loc":{"start":{"line":34,"column":38},"end":{"line":34,"column":55}},"locations":[{"start":{"line":34,"column":38},"end":{"line":34,"column":55}}]},"14":{"type":"branch","line":45,"loc":{"start":{"line":45,"column":14},"end":{"line":47,"column":6}},"locations":[{"start":{"line":45,"column":14},"end":{"line":47,"column":6}}]},"15":{"type":"branch","line":49,"loc":{"start":{"line":49,"column":14},"end":{"line":79,"column":6}},"locations":[{"start":{"line":49,"column":14},"end":{"line":79,"column":6}}]},"16":{"type":"branch","line":50,"loc":{"start":{"line":50,"column":24},"end":{"line":73,"column":9}},"locations":[{"start":{"line":50,"column":24},"end":{"line":73,"column":9}}]},"17":{"type":"branch","line":51,"loc":{"start":{"line":51,"column":48},"end":{"line":51,"column":54}},"locations":[{"start":{"line":51,"column":48},"end":{"line":51,"column":54}}]},"18":{"type":"branch","line":53,"loc":{"start":{"line":53,"column":16},"end":{"line":53,"column":29}},"locations":[{"start":{"line":53,"column":16},"end":{"line":53,"column":29}}]},"19":{"type":"branch","line":54,"loc":{"start":{"line":54,"column":16},"end":{"line":57,"column":25}},"locations":[{"start":{"line":54,"column":16},"end":{"line":57,"column":25}}]},"20":{"type":"branch","line":58,"loc":{"start":{"line":58,"column":16},"end":{"line":58,"column":31}},"locations":[{"start":{"line":58,"column":16},"end":{"line":58,"column":31}}]},"21":{"type":"branch","line":59,"loc":{"start":{"line":59,"column":16},"end":{"line":68,"column":25}},"locations":[{"start":{"line":59,"column":16},"end":{"line":68,"column":25}}]},"22":{"type":"branch","line":60,"loc":{"start":{"line":60,"column":31},"end":{"line":63,"column":21}},"locations":[{"start":{"line":60,"column":31},"end":{"line":63,"column":21}}]},"23":{"type":"branch","line":63,"loc":{"start":{"line":63,"column":20},"end":{"line":64,"column":86}},"locations":[{"start":{"line":63,"column":20},"end":{"line":64,"column":86}}]},"24":{"type":"branch","line":64,"loc":{"start":{"line":64,"column":82},"end":{"line":64,"column":89}},"locations":[{"start":{"line":64,"column":82},"end":{"line":64,"column":89}}]},"25":{"type":"branch","line":65,"loc":{"start":{"line":65,"column":35},"end":{"line":65,"column":66}},"locations":[{"start":{"line":65,"column":35},"end":{"line":65,"column":66}}]},"26":{"type":"branch","line":65,"loc":{"start":{"line":65,"column":66},"end":{"line":68,"column":25}},"locations":[{"start":{"line":65,"column":66},"end":{"line":68,"column":25}}]},"27":{"type":"branch","line":69,"loc":{"start":{"line":69,"column":16},"end":{"line":71,"column":25}},"locations":[{"start":{"line":69,"column":16},"end":{"line":71,"column":25}}]},"28":{"type":"branch","line":55,"loc":{"start":{"line":55,"column":30},"end":{"line":55,"column":43}},"locations":[{"start":{"line":55,"column":30},"end":{"line":55,"column":43}}]},"29":{"type":"branch","line":76,"loc":{"start":{"line":76,"column":15},"end":{"line":78,"column":9}},"locations":[{"start":{"line":76,"column":15},"end":{"line":78,"column":9}}]},"30":{"type":"branch","line":77,"loc":{"start":{"line":77,"column":23},"end":{"line":77,"column":52}},"locations":[{"start":{"line":77,"column":23},"end":{"line":77,"column":52}}]},"31":{"type":"branch","line":84,"loc":{"start":{"line":84,"column":21},"end":{"line":84,"column":52}},"locations":[{"start":{"line":84,"column":21},"end":{"line":84,"column":52}}]},"32":{"type":"branch","line":84,"loc":{"start":{"line":84,"column":37},"end":{"line":84,"column":50}},"locations":[{"start":{"line":84,"column":37},"end":{"line":84,"column":50}}]},"33":{"type":"branch","line":90,"loc":{"start":{"line":90,"column":78},"end":{"line":104,"column":13}},"locations":[{"start":{"line":90,"column":78},"end":{"line":104,"column":13}}]},"34":{"type":"branch","line":94,"loc":{"start":{"line":94,"column":33},"end":{"line":97,"column":26}},"locations":[{"start":{"line":94,"column":33},"end":{"line":97,"column":26}}]},"35":{"type":"branch","line":108,"loc":{"start":{"line":108,"column":25},"end":{"line":111,"column":18}},"locations":[{"start":{"line":108,"column":25},"end":{"line":111,"column":18}}]},"36":{"type":"branch","line":110,"loc":{"start":{"line":110,"column":20},"end":{"line":110,"column":46}},"locations":[{"start":{"line":110,"column":20},"end":{"line":110,"column":46}}]},"37":{"type":"branch","line":110,"loc":{"start":{"line":110,"column":42},"end":{"line":110,"column":65}},"locations":[{"start":{"line":110,"column":42},"end":{"line":110,"column":65}}]},"38":{"type":"branch","line":119,"loc":{"start":{"line":119,"column":29},"end":{"line":139,"column":17}},"locations":[{"start":{"line":119,"column":29},"end":{"line":139,"column":17}}]},"39":{"type":"branch","line":124,"loc":{"start":{"line":124,"column":48},"end":{"line":124,"column":87}},"locations":[{"start":{"line":124,"column":48},"end":{"line":124,"column":87}}]},"40":{"type":"branch","line":124,"loc":{"start":{"line":124,"column":73},"end":{"line":124,"column":91}},"locations":[{"start":{"line":124,"column":73},"end":{"line":124,"column":91}}]},"41":{"type":"branch","line":125,"loc":{"start":{"line":125,"column":39},"end":{"line":125,"column":75}},"locations":[{"start":{"line":125,"column":39},"end":{"line":125,"column":75}}]},"42":{"type":"branch","line":125,"loc":{"start":{"line":125,"column":71},"end":{"line":125,"column":95}},"locations":[{"start":{"line":125,"column":71},"end":{"line":125,"column":95}}]},"43":{"type":"branch","line":125,"loc":{"start":{"line":125,"column":86},"end":{"line":125,"column":112}},"locations":[{"start":{"line":125,"column":86},"end":{"line":125,"column":112}}]},"44":{"type":"branch","line":125,"loc":{"start":{"line":125,"column":101},"end":{"line":125,"column":115}},"locations":[{"start":{"line":125,"column":101},"end":{"line":125,"column":115}}]},"45":{"type":"branch","line":128,"loc":{"start":{"line":128,"column":37},"end":{"line":132,"column":30}},"locations":[{"start":{"line":128,"column":37},"end":{"line":132,"column":30}}]}},"b":{"0":[68],"1":[40],"2":[28],"3":[40],"4":[28],"5":[27],"6":[9],"7":[59],"8":[13],"9":[12],"10":[7],"11":[5],"12":[1],"13":[13],"14":[21],"15":[22],"16":[7],"17":[0],"18":[2],"19":[2],"20":[1],"21":[4],"22":[3],"23":[1],"24":[0],"25":[1],"26":[1],"27":[1],"28":[2],"29":[22],"30":[8],"31":[1],"32":[1],"33":[41],"34":[1],"35":[2],"36":[1],"37":[1],"38":[340],"39":[68],"40":[272],"41":[200],"42":[140],"43":[68],"44":[272],"45":[10]},"fnMap":{"0":{"name":"Select","decl":{"start":{"line":25,"column":7},"end":{"line":143,"column":1}},"loc":{"start":{"line":25,"column":7},"end":{"line":143,"column":1}},"line":25},"1":{"name":"setectOption","decl":{"start":{"line":31,"column":4},"end":{"line":43,"column":5}},"loc":{"start":{"line":31,"column":4},"end":{"line":43,"column":5}},"line":31},"2":{"name":"handler","decl":{"start":{"line":50,"column":24},"end":{"line":73,"column":9}},"loc":{"start":{"line":50,"column":24},"end":{"line":73,"column":9}},"line":50},"3":{"name":"onClick","decl":{"start":{"line":84,"column":21},"end":{"line":84,"column":52}},"loc":{"start":{"line":84,"column":21},"end":{"line":84,"column":52}},"line":84},"4":{"name":"onBlur","decl":{"start":{"line":85,"column":20},"end":{"line":85,"column":43}},"loc":{"start":{"line":85,"column":20},"end":{"line":85,"column":43}},"line":85},"5":{"name":"onClick","decl":{"start":{"line":94,"column":33},"end":{"line":97,"column":26}},"loc":{"start":{"line":94,"column":33},"end":{"line":97,"column":26}},"line":94},"6":{"name":"onClick","decl":{"start":{"line":108,"column":25},"end":{"line":111,"column":18}},"loc":{"start":{"line":108,"column":25},"end":{"line":111,"column":18}},"line":108},"7":{"name":"onClick","decl":{"start":{"line":128,"column":37},"end":{"line":132,"column":30}},"loc":{"start":{"line":128,"column":37},"end":{"line":132,"column":30}},"line":128},"8":{"name":"onMouseEnter","decl":{"start":{"line":133,"column":42},"end":{"line":133,"column":75}},"loc":{"start":{"line":133,"column":42},"end":{"line":133,"column":75}},"line":133}},"f":{"0":68,"1":13,"2":7,"3":1,"4":0,"5":1,"6":2,"7":10,"8":0}}
}
